Godot Engine v4.6.1.stable.official.14d19694e - https://godotengine.org

[RuntimeSnapshot] frame=12 time=0.20 scenario=Minimal Battle Validation entities=6
[RuntimeSnapshot] plant#1 lane=0 status=alive pos=(160.0, 220.0) health=100/100 values={ "health": 100, "max_health": 100, "health_ratio": 1.0, &"can_fire": true }
[RuntimeSnapshot] plant#2 lane=0 status=alive pos=(250.0, 220.0) health=100/100 values={ "health": 100, "max_health": 100, "health_ratio": 1.0, &"can_fire": true }
[RuntimeSnapshot] plant#3 lane=1 status=alive pos=(160.0, 320.0) health=100/100 values={ "health": 100, "max_health": 100, "health_ratio": 1.0, &"can_fire": true }
[RuntimeSnapshot] zombie#4 lane=0 status=alive pos=(449.9, 220.0) health=120/120 values={ "health": 120, "max_health": 120, "health_ratio": 1.0, &"attack_damage": 10, &"move_speed": 55.0, &"velocity": (-55.0, 0.0), &"speed": 55.0, &"attack_target_id": -1 }
[RuntimeSnapshot] zombie#5 lane=0 status=alive pos=(639.9, 220.0) health=120/120 values={ "health": 120, "max_health": 120, "health_ratio": 1.0, &"attack_damage": 10, &"move_speed": 55.0, &"velocity": (-55.0, 0.0), &"speed": 55.0, &"attack_target_id": -1 }
[RuntimeSnapshot] zombie#6 lane=1 status=alive pos=(509.9, 320.0) health=120/120 values={ "health": 120, "max_health": 120, "health_ratio": 1.0, &"attack_damage": 10, &"move_speed": 55.0, &"velocity": (-55.0, 0.0), &"speed": 55.0, &"attack_target_id": -1 }
[EventTrace] projectile.spawned src=plant#1 tgt=projectile#7 value=20 tags=["projectile"] core={ "source_node": @Node2D@16:<Node2D#43553654282>, "target_node": @Node2D@22:<Node2D#44879054424>, "source_id": 1, "target_id": 7, "value": 20, "tags": ["projectile"], "move_mode": &"linear" }
[EventTrace] projectile.spawned src=plant#2 tgt=projectile#8 value=15 tags=["projectile"] core={ "source_node": @Node2D@17:<Node2D#43754980886>, "target_node": @Node2D@23:<Node2D#45097158230>, "source_id": 2, "target_id": 8, "value": 15, "tags": ["projectile"], "move_mode": &"track" }
[EventTrace] projectile.spawned src=plant#3 tgt=projectile#9 value=20 tags=["projectile"] core={ "source_node": @Node2D@18:<Node2D#43939530273>, "target_node": @Node2D@24:<Node2D#45315262037>, "source_id": 3, "target_id": 9, "value": 20, "tags": ["projectile"], "move_mode": &"parabola" }
[RuntimeSnapshot] frame=24 time=0.40 scenario=Minimal Battle Validation entities=9
[RuntimeSnapshot] plant#1 lane=0 status=alive pos=(160.0, 220.0) health=100/100 values={ "health": 100, "max_health": 100, "health_ratio": 1.0, &"can_fire": true }
[RuntimeSnapshot] plant#2 lane=0 status=alive pos=(250.0, 220.0) health=100/100 values={ "health": 100, "max_health": 100, "health_ratio": 1.0, &"can_fire": true }
[RuntimeSnapshot] plant#3 lane=1 status=alive pos=(160.0, 320.0) health=100/100 values={ "health": 100, "max_health": 100, "health_ratio": 1.0, &"can_fire": true }
[RuntimeSnapshot] zombie#4 lane=0 status=alive pos=(438.9, 220.0) health=120/120 values={ "health": 120, "max_health": 120, "health_ratio": 1.0, &"attack_damage": 10, &"move_speed": 55.0, &"velocity": (-55.0, 0.0), &"speed": 55.0, &"attack_target_id": -1 }
[RuntimeSnapshot] zombie#5 lane=0 status=alive pos=(628.9, 220.0) health=120/120 values={ "health": 120, "max_health": 120, "health_ratio": 1.0, &"attack_damage": 10, &"move_speed": 55.0, &"velocity": (-55.0, 0.0), &"speed": 55.0, &"attack_target_id": -1 }
[RuntimeSnapshot] zombie#6 lane=1 status=alive pos=(498.9, 320.0) health=120/120 values={ "health": 120, "max_health": 120, "health_ratio": 1.0, &"attack_damage": 10, &"move_speed": 55.0, &"velocity": (-55.0, 0.0), &"speed": 55.0, &"attack_target_id": -1 }
[RuntimeSnapshot] projectile#7 lane=0 status=flying pos=(223.3, 220.0) health=0/0 values={ &"damage": 20, &"move_mode": &"linear", &"owner_id": 1, &"launch_speed": 220.0, &"launch_direction": (1.0, 0.0), &"impact_radius": 20.0, &"collision_padding": 10.0, &"hit_strategy": &"swept_segment", &"terminal_hit_strategy": &"none", &"target_position": (194.0, 220.0), &"target_id": -1, &"velocity": (220.0, 0.0), &"speed": 220.0 }
[RuntimeSnapshot] projectile#8 lane=0 status=flying pos=(312.0, 220.0) health=0/0 values={ &"damage": 15, &"move_mode": &"track", &"owner_id": 2, &"launch_speed": 210.0, &"launch_direction": (1.0, 0.0), &"impact_radius": 20.0, &"collision_padding": 10.0, &"hit_strategy": &"swept_segment", &"terminal_hit_strategy": &"none", &"target_position": (284.0, 220.0), &"target_id": 4, &"velocity": (210.0, 0.0), &"speed": 210.0, &"tracking_target": 4 }
[RuntimeSnapshot] projectile#9 lane=1 status=flying pos=(216.4, 258.0) health=0/0 values={ &"damage": 20, &"move_mode": &"parabola", &"owner_id": 3, &"launch_speed": 220.0, &"launch_direction": (1.0, 0.0), &"impact_radius": 34.0, &"collision_padding": 14.0, &"hit_strategy": &"overlap_and_terminal_hitbox", &"terminal_hit_strategy": &"impact_hitbox", &"target_position": (429.25, 320.0), &"target_id": 6, &"travel_progress": 0.0952380952381, &"speed": 168.035714285714 }
[RuntimeSnapshot] frame=36 time=0.59 scenario=Minimal Battle Validation entities=9
[RuntimeSnapshot] plant#1 lane=0 status=alive pos=(160.0, 220.0) health=100/100 values={ "health": 100, "max_health": 100, "health_ratio": 1.0, &"can_fire": true }
[RuntimeSnapshot] plant#2 lane=0 status=alive pos=(250.0, 220.0) health=100/100 values={ "health": 100, "max_health": 100, "health_ratio": 1.0, &"can_fire": true }
[RuntimeSnapshot] plant#3 lane=1 status=alive pos=(160.0, 320.0) health=100/100 values={ "health": 100, "max_health": 100, "health_ratio": 1.0, &"can_fire": true }
[RuntimeSnapshot] zombie#4 lane=0 status=alive pos=(427.9, 220.0) health=120/120 values={ "health": 120, "max_health": 120, "health_ratio": 1.0, &"attack_damage": 10, &"move_speed": 55.0, &"velocity": (-55.0, 0.0), &"speed": 55.0, &"attack_target_id": -1 }
[RuntimeSnapshot] zombie#5 lane=0 status=alive pos=(617.9, 220.0) health=120/120 values={ "health": 120, "max_health": 120, "health_ratio": 1.0, &"attack_damage": 10, &"move_speed": 55.0, &"velocity": (-55.0, 0.0), &"speed": 55.0, &"attack_target_id": -1 }
[RuntimeSnapshot] zombie#6 lane=1 status=alive pos=(487.9, 320.0) health=120/120 values={ "health": 120, "max_health": 120, "health_ratio": 1.0, &"attack_damage": 10, &"move_speed": 55.0, &"velocity": (-55.0, 0.0), &"speed": 55.0, &"attack_target_id": -1 }
[RuntimeSnapshot] projectile#7 lane=0 status=flying pos=(267.3, 220.0) health=0/0 values={ &"damage": 20, &"move_mode": &"linear", &"owner_id": 1, &"launch_speed": 220.0, &"launch_direction": (1.0, 0.0), &"impact_radius": 20.0, &"collision_padding": 10.0, &"hit_strategy": &"swept_segment", &"terminal_hit_strategy": &"none", &"target_position": (194.0, 220.0), &"target_id": -1, &"velocity": (220.0, 0.0), &"speed": 220.0 }
[RuntimeSnapshot] projectile#8 lane=0 status=flying pos=(354.0, 220.0) health=0/0 values={ &"damage": 15, &"move_mode": &"track", &"owner_id": 2, &"launch_speed": 210.0, &"launch_direction": (1.0, 0.0), &"impact_radius": 20.0, &"collision_padding": 10.0, &"hit_strategy": &"swept_segment", &"terminal_hit_strategy": &"none", &"target_position": (284.0, 220.0), &"target_id": 4, &"velocity": (210.0, 0.0), &"speed": 210.0, &"tracking_target": 4 }
[RuntimeSnapshot] projectile#9 lane=1 status=flying pos=(250.0, 189.4) health=0/0 values={ &"damage": 20, &"move_mode": &"parabola", &"owner_id": 3, &"launch_speed": 220.0, &"launch_direction": (1.0, 0.0), &"impact_radius": 34.0, &"collision_padding": 14.0, &"hit_strategy": &"overlap_and_terminal_hitbox", &"terminal_hit_strategy": &"impact_hitbox", &"target_position": (429.2501, 320.0), &"target_id": 6, &"travel_progress": 0.23809523809524, &"speed": 168.035801478795 }
[EventTrace] projectile.hit src=plant#2 tgt=zombie#4 value=15 tags=["projectile"] core={ "source_node": @Node2D@17:<Node2D#43754980886>, "target_node": @Node2D@19:<Node2D#44124079660>, "source_id": 2, "target_id": 4, "value": 15, "tags": ["projectile"], "move_mode": &"track", "terminal_reason": &"in_flight" }
[EventTrace] entity.damaged src=plant#2 tgt=zombie#4 value=15 tags=["projectile", "effect", "projectile.hit"] core={ "source_node": @Node2D@17:<Node2D#43754980886>, "target_node": @Node2D@19:<Node2D#44124079660>, "source_id": 2, "target_id": 4, "value": 15, "tags": ["projectile", "effect", "projectile.hit"] }
[EventTrace] entity.damaged src=plant#2 tgt=plant#2 value=4 tags=["projectile", "effect", "projectile.hit", "entity.damaged"] core={ "source_node": @Node2D@17:<Node2D#43754980886>, "target_node": @Node2D@17:<Node2D#43754980886>, "source_id": 2, "target_id": 2, "value": 4, "tags": ["projectile", "effect", "projectile.hit", "entity.damaged"] }
[RuntimeSnapshot] frame=48 time=0.79 scenario=Minimal Battle Validation entities=8
[RuntimeSnapshot] plant#1 lane=0 status=alive pos=(160.0, 220.0) health=100/100 values={ "health": 100, "max_health": 100, "health_ratio": 1.0, &"can_fire": true }
[RuntimeSnapshot] plant#2 lane=0 status=alive pos=(250.0, 220.0) health=96/100 values={ "health": 96, "max_health": 100, "health_ratio": 0.96, &"can_fire": true }
[RuntimeSnapshot] plant#3 lane=1 status=alive pos=(160.0, 320.0) health=100/100 values={ "health": 100, "max_health": 100, "health_ratio": 1.0, &"can_fire": true }
[RuntimeSnapshot] zombie#4 lane=0 status=alive pos=(416.9, 220.0) health=105/120 values={ "health": 105, "max_health": 120, "health_ratio": 0.875, &"attack_damage": 10, &"move_speed": 55.0, &"velocity": (-55.0, 0.0), &"speed": 55.0, &"attack_target_id": -1 }
[RuntimeSnapshot] zombie#5 lane=0 status=alive pos=(606.9, 220.0) health=120/120 values={ "health": 120, "max_health": 120, "health_ratio": 1.0, &"attack_damage": 10, &"move_speed": 55.0, &"velocity": (-55.0, 0.0), &"speed": 55.0, &"attack_target_id": -1 }
[RuntimeSnapshot] zombie#6 lane=1 status=alive pos=(476.9, 320.0) health=120/120 values={ "health": 120, "max_health": 120, "health_ratio": 1.0, &"attack_damage": 10, &"move_speed": 55.0, &"velocity": (-55.0, 0.0), &"speed": 55.0, &"attack_target_id": -1 }
[RuntimeSnapshot] projectile#7 lane=0 status=flying pos=(311.3, 220.0) health=0/0 values={ &"damage": 20, &"move_mode": &"linear", &"owner_id": 1, &"launch_speed": 220.0, &"launch_direction": (1.0, 0.0), &"impact_radius": 20.0, &"collision_padding": 10.0, &"hit_strategy": &"swept_segment", &"terminal_hit_strategy": &"none", &"target_position": (194.0, 220.0), &"target_id": -1, &"velocity": (220.0, 0.0), &"speed": 220.0 }
[RuntimeSnapshot] projectile#9 lane=1 status=flying pos=(283.6, 150.2) health=0/0 values={ &"damage": 20, &"move_mode": &"parabola", &"owner_id": 3, &"launch_speed": 220.0, &"launch_direction": (1.0, 0.0), &"impact_radius": 34.0, &"collision_padding": 14.0, &"hit_strategy": &"overlap_and_terminal_hitbox", &"terminal_hit_strategy": &"impact_hitbox", &"target_position": (429.2502, 320.0), &"target_id": 6, &"travel_progress": 0.38095238095238, &"speed": 168.035888671875 }
